<?xml version="1.0" encoding="UTF-8"?>
<!-- Generated by org.testng.reporters.JUnitReportReporter -->
<testsuite skipped="0" hostname="LAPTOP-4AD9I3ME" name="com.finhay.Login" tests="2" failures="0" timestamp="11 Dec 2020 15:20:23 GMT" time="2.128" errors="0">
  <testcase name="Login_01_Input_Incorrect_Email" time="1.691" classname="com.finhay.Login"/>
  <testcase name="Login_02_Input_Password_Least_8_Char" time="0.437" classname="com.finhay.Login"/>
</testsuite> <!-- com.finhay.Login -->
