<?xml version="1.0" encoding="UTF-8"?>
<!-- Generated by org.testng.reporters.JUnitReportReporter -->
<testsuite skipped="0" hostname="LAPTOP-4AD9I3ME" name="com.finhay.Register" tests="4" failures="0" timestamp="11 Dec 2020 14:43:44 GMT" time="14.916" errors="0">
  <testcase name="Register_04_Sucessful" time="11.124" classname="com.finhay.Register"/>
  <testcase name="Register_01_No_Input_Email_Field" time="0.692" classname="com.finhay.Register"/>
  <testcase name="Register_03_Input_PhoneNumber_Filed_Least_8_Char" time="0.910" classname="com.finhay.Register"/>
  <testcase name="Register_02_Input_Invalid_Email_Filed" time="2.190" classname="com.finhay.Register"/>
</testsuite> <!-- com.finhay.Register -->
